<?xml version="1.0" encoding="UTF-8"?>
<!-- Generated by org.testng.reporters.JUnitXMLReporter -->
<testsuite ignored="0" hostname="DESKTOP-G7KI8KL" failures="0" tests="3" name="Error Validation Test" time="29.771" errors="0" timestamp="2024-04-24T14:13:42 CEST">
  <testcase classname="PersonalProjects.SeleniumFrameworkDesign.ErrorValidation" name="LoginErrorValidation" time="0.936"/>
  <testcase classname="PersonalProjects.SeleniumFrameworkDesign.ErrorValidation" name="ProductErrorValidation" time="4.707"/>
  <testcase classname="PersonalProjects.SeleniumFrameworkDesign.ErrorValidation" name="ProductErrorValidation" time="4.786"/>
</testsuite> <!-- Error Validation Test -->
