<?xml version="1.0" encoding="UTF-8"?>
<!-- Generated by org.testng.reporters.JUnitXMLReporter -->
<testsuite ignored="0" hostname="DESKTOP-G7KI8KL" failures="0" tests="3" name="Error Validation Test" time="29.194" errors="0" timestamp="2024-04-29T12:39:49 CEST">
  <testcase classname="PersonalProjects.SeleniumFrameworkDesign.ErrorValidation" name="LoginErrorValidation" time="0.837"/>
  <testcase classname="PersonalProjects.SeleniumFrameworkDesign.ErrorValidation" name="ProductErrorValidation" time="4.713"/>
  <testcase classname="PersonalProjects.SeleniumFrameworkDesign.ErrorValidation" name="ProductErrorValidation" time="4.958"/>
</testsuite> <!-- Error Validation Test -->
