<?xml version="1.0" encoding="UTF-8"?>
<!-- Generated by org.testng.reporters.JUnitXMLReporter -->
<testsuite ignored="0" hostname="DESKTOP-G7KI8KL" failures="0" tests="4" name="Submit Order Test" time="41.461" errors="0" timestamp="2024-04-29T12:40:01 CEST">
  <testcase classname="PersonalProjects.SeleniumFrameworkDesign.UpgradedStandAloneTest" name="SubmitOrder" time="6.499"/>
  <testcase classname="PersonalProjects.SeleniumFrameworkDesign.UpgradedStandAloneTest" name="SubmitOrder" time="6.415"/>
  <testcase classname="PersonalProjects.SeleniumFrameworkDesign.UpgradedStandAloneTest" name="VerifyOrder" time="1.398"/>
  <testcase classname="PersonalProjects.SeleniumFrameworkDesign.UpgradedStandAloneTest" name="VerifyOrder" time="1.377"/>
</testsuite> <!-- Submit Order Test -->
