<?xml version="1.0" encoding="UTF-8"?>
<!-- Generated by org.testng.reporters.JUnitXMLReporter -->
<testsuite ignored="1" hostname="DESKTOP-G7KI8KL" failures="0" tests="2" name="Submit Order Test" time="25.944" errors="0" timestamp="2024-04-26T15:58:32 CEST">
  <testcase classname="PersonalProjects.SeleniumFrameworkDesign.UpgradedStandAloneTest" name="SubmitOrder" time="6.204"/>
  <testcase classname="PersonalProjects.SeleniumFrameworkDesign.UpgradedStandAloneTest" name="SubmitOrder" time="6.072"/>
  <testcase classname="PersonalProjects.SeleniumFrameworkDesign.UpgradedStandAloneTest" name="VerifyOrder" time="0.0">
    <ignored/>
  </testcase> <!-- VerifyOrder -->
</testsuite> <!-- Submit Order Test -->
