<?xml version="1.0" encoding="UTF-8"?>
<!-- Generated by org.testng.reporters.JUnitXMLReporter -->
<testsuite ignored="0" hostname="DESKTOP-G7KI8KL" failures="0" tests="3" name="Error Validation Test" time="28.84" errors="0" timestamp="2024-04-27T11:40:58 CEST">
  <testcase classname="PersonalProjects.SeleniumFrameworkDesign.ErrorValidation" name="LoginErrorValidation" time="0.754"/>
  <testcase classname="PersonalProjects.SeleniumFrameworkDesign.ErrorValidation" name="ProductErrorValidation" time="4.689"/>
  <testcase classname="PersonalProjects.SeleniumFrameworkDesign.ErrorValidation" name="ProductErrorValidation" time="4.602"/>
</testsuite> <!-- Error Validation Test -->
